QRCodeScanner/app/build/intermediates/manifest_merge_blame_file/release/processReleaseMainManifest/manifest-merger-blame-release-report.txt
1<?xml version="1.0" encoding="utf-8"?>
2<manifest xmlns:android="http://schemas.android.com/apk/res/android"
3    package="com.pixeleye.qrscanner"
4    android:versionCode="1"
5    android:versionName="1.0" >
6
7    <uses-sdk
8        android:minSdkVersion="26"
9        android:targetSdkVersion="35" />
10
11    <uses-feature
11-->src/main/AndroidManifest.xml:5:5-7:36
12        android:name="android.hardware.camera"
12-->src/main/AndroidManifest.xml:6:9-47
13        android:required="false" />
13-->src/main/AndroidManifest.xml:7:9-33
14
15    <uses-permission android:name="android.permission.CAMERA" />
15-->src/main/AndroidManifest.xml:9:5-65
15-->src/main/AndroidManifest.xml:9:22-62
16    <uses-permission android:name="android.permission.VIBRATE" />
16-->src/main/AndroidManifest.xml:10:5-66
16-->src/main/AndroidManifest.xml:10:22-63
17    <uses-permission android:name="android.permission.INTERNET" />
17-->src/main/AndroidManifest.xml:11:5-67
17-->src/main/AndroidManifest.xml:11:22-64
18    <uses-permission android:name="android.permission.ACCESS_NETWORK_STATE" />
18-->[com.google.android.gms:play-services-ads-lite:23.6.0] AndroidManifest.xml:25:5-79
18-->[com.google.android.gms:play-services-ads-lite:23.6.0] AndroidManifest.xml:25:22-76
19    <uses-permission android:name="com.google.android.gms.permission.AD_ID" />
19-->[com.google.android.gms:play-services-ads-lite:23.6.0] AndroidManifest.xml:26:5-79
19-->[com.google.android.gms:play-services-ads-lite:23.6.0] AndroidManifest.xml:26:22-76
20    <uses-permission android:name="android.permission.ACCESS_ADSERVICES_AD_ID" />
20-->[com.google.android.gms:play-services-ads-lite:23.6.0] AndroidManifest.xml:27:5-82
20-->[com.google.android.gms:play-services-ads-lite:23.6.0] AndroidManifest.xml:27:22-79
21    <uses-permission android:name="android.permission.ACCESS_ADSERVICES_ATTRIBUTION" />
21-->[com.google.android.gms:play-services-ads-lite:23.6.0] AndroidManifest.xml:28:5-88
21-->[com.google.android.gms:play-services-ads-lite:23.6.0] AndroidManifest.xml:28:22-85
22    <uses-permission android:name="android.permission.ACCESS_ADSERVICES_TOPICS" /> <!-- Android package visibility setting -->
22-->[com.google.android.gms:play-services-ads-lite:23.6.0] AndroidManifest.xml:29:5-83
22-->[com.google.android.gms:play-services-ads-lite:23.6.0] AndroidManifest.xml:29:22-80
23    <queries>
23-->[com.google.android.gms:play-services-ads-lite:23.6.0] AndroidManifest.xml:35:5-68:15
24
25        <!-- For browser content -->
26        <intent>
26-->[com.google.android.gms:play-services-ads-lite:23.6.0] AndroidManifest.xml:38:9-44:18
27            <action android:name="android.intent.action.VIEW" />
27-->[com.google.android.gms:play-services-ads-lite:23.6.0] AndroidManifest.xml:39:13-65
27-->[com.google.android.gms:play-services-ads-lite:23.6.0] AndroidManifest.xml:39:21-62
28
29            <category android:name="android.intent.category.BROWSABLE" />
29-->[com.google.android.gms:play-services-ads-lite:23.6.0] AndroidManifest.xml:41:13-74
29-->[com.google.android.gms:play-services-ads-lite:23.6.0] AndroidManifest.xml:41:23-71
30
31            <data android:scheme="https" />
31-->[com.google.android.gms:play-services-ads-lite:23.6.0] AndroidManifest.xml:43:13-44
31-->[com.google.android.gms:play-services-ads-lite:23.6.0] AndroidManifest.xml:43:19-41
32        </intent>
33        <!-- End of browser content -->
34        <!-- For CustomTabsService -->
35        <intent>
35-->[com.google.android.gms:play-services-ads-lite:23.6.0] AndroidManifest.xml:47:9-49:18
36            <action android:name="android.support.customtabs.action.CustomTabsService" />
36-->[com.google.android.gms:play-services-ads-lite:23.6.0] AndroidManifest.xml:48:13-90
36-->[com.google.android.gms:play-services-ads-lite:23.6.0] AndroidManifest.xml:48:21-87
37        </intent>
38        <!-- End of CustomTabsService -->
39        <!-- For MRAID capabilities -->
40        <intent>
40-->[com.google.android.gms:play-services-ads-lite:23.6.0] AndroidManifest.xml:52:9-56:18
41            <action android:name="android.intent.action.INSERT" />
41-->[com.google.android.gms:play-services-ads-lite:23.6.0] AndroidManifest.xml:53:13-67
41-->[com.google.android.gms:play-services-ads-lite:23.6.0] AndroidManifest.xml:53:21-64
42
43            <data android:mimeType="vnd.android.cursor.dir/event" />
43-->[com.google.android.gms:play-services-ads-lite:23.6.0] AndroidManifest.xml:43:13-44
44        </intent>
45        <intent>
45-->[com.google.android.gms:play-services-ads-lite:23.6.0] AndroidManifest.xml:57:9-61:18
46            <action android:name="android.intent.action.VIEW" />
46-->[com.google.android.gms:play-services-ads-lite:23.6.0] AndroidManifest.xml:39:13-65
46-->[com.google.android.gms:play-services-ads-lite:23.6.0] AndroidManifest.xml:39:21-62
47
48            <data android:scheme="sms" />
48-->[com.google.android.gms:play-services-ads-lite:23.6.0] AndroidManifest.xml:43:13-44
48-->[com.google.android.gms:play-services-ads-lite:23.6.0] AndroidManifest.xml:43:19-41
49        </intent>
50        <intent>
50-->[com.google.android.gms:play-services-ads-lite:23.6.0] AndroidManifest.xml:62:9-66:18
51            <action android:name="android.intent.action.DIAL" />
51-->[com.google.android.gms:play-services-ads-lite:23.6.0] AndroidManifest.xml:63:13-65
51-->[com.google.android.gms:play-services-ads-lite:23.6.0] AndroidManifest.xml:63:21-62
52
53            <data android:path="tel:" />
53-->[com.google.android.gms:play-services-ads-lite:23.6.0] AndroidManifest.xml:43:13-44
54        </intent>
55        <!-- End of MRAID capabilities -->
56    </queries>
57
58    <uses-permission android:name="android.permission.WAKE_LOCK" />
58-->[com.google.android.gms:play-services-measurement-sdk-api:20.1.2] AndroidManifest.xml:25:5-68
58-->[com.google.android.gms:play-services-measurement-sdk-api:20.1.2] AndroidManifest.xml:25:22-65
59    <uses-permission android:name="android.permission.FOREGROUND_SERVICE" />
59-->[androidx.work:work-runtime:2.7.0] AndroidManifest.xml:28:5-77
59-->[androidx.work:work-runtime:2.7.0] AndroidManifest.xml:28:22-74
60
61    <permission
61-->[androidx.core:core:1.15.0] AndroidManifest.xml:22:5-24:47
62        android:name="com.pixeleye.qrscanner.DYNAMIC_RECEIVER_NOT_EXPORTED_PERMISSION"
62-->[androidx.core:core:1.15.0] AndroidManifest.xml:23:9-81
63        android:protectionLevel="signature" />
63-->[androidx.core:core:1.15.0] AndroidManifest.xml:24:9-44
64
65    <uses-permission android:name="com.pixeleye.qrscanner.DYNAMIC_RECEIVER_NOT_EXPORTED_PERMISSION" />
65-->[androidx.core:core:1.15.0] AndroidManifest.xml:26:5-97
65-->[androidx.core:core:1.15.0] AndroidManifest.xml:26:22-94
66
67    <application
67-->src/main/AndroidManifest.xml:13:5-42:19
68        android:allowBackup="true"
68-->src/main/AndroidManifest.xml:14:9-35
69        android:appComponentFactory="androidx.core.app.CoreComponentFactory"
69-->[androidx.core:core:1.15.0] AndroidManifest.xml:28:18-86
70        android:dataExtractionRules="@xml/data_extraction_rules"
70-->src/main/AndroidManifest.xml:15:9-65
71        android:extractNativeLibs="false"
72        android:fullBackupContent="@xml/backup_rules"
72-->src/main/AndroidManifest.xml:16:9-54
73        android:icon="@mipmap/ic_launcher"
73-->src/main/AndroidManifest.xml:17:9-43
74        android:label="@string/app_name"
74-->src/main/AndroidManifest.xml:18:9-41
75        android:roundIcon="@mipmap/ic_launcher_round"
75-->src/main/AndroidManifest.xml:19:9-54
76        android:supportsRtl="true"
76-->src/main/AndroidManifest.xml:20:9-35
77        android:theme="@style/Theme.QRCodeScanner" >
77-->src/main/AndroidManifest.xml:21:9-51
78
79        <!-- AdMob App ID (Sample) -->
80        <meta-data
80-->src/main/AndroidManifest.xml:25:9-27:69
81            android:name="com.google.android.gms.ads.APPLICATION_ID"
81-->src/main/AndroidManifest.xml:26:13-69
82            android:value="ca-app-pub-3679572083540798~1537530956" />
82-->src/main/AndroidManifest.xml:27:13-67
83
84        <!-- Trigger ML Kit model download -->
85        <meta-data
85-->src/main/AndroidManifest.xml:30:9-32:39
86            android:name="com.google.mlkit.vision.DEPENDENCIES"
86-->src/main/AndroidManifest.xml:31:13-64
87            android:value="barcode" />
87-->src/main/AndroidManifest.xml:32:13-36
88
89        <activity
89-->src/main/AndroidManifest.xml:33:9-41:20
90            android:name="com.pixeleye.qrscanner.MainActivity"
90-->src/main/AndroidManifest.xml:34:13-41
91            android:exported="true"
91-->src/main/AndroidManifest.xml:35:13-36
92            android:theme="@style/Theme.QRCodeScanner" >
92-->src/main/AndroidManifest.xml:36:13-55
93            <intent-filter>
93-->src/main/AndroidManifest.xml:37:13-40:29
94                <action android:name="android.intent.action.MAIN" />
94-->src/main/AndroidManifest.xml:38:17-69
94-->src/main/AndroidManifest.xml:38:25-66
95
96                <category android:name="android.intent.category.LAUNCHER" />
96-->src/main/AndroidManifest.xml:39:17-77
96-->src/main/AndroidManifest.xml:39:27-74
97            </intent-filter>
98        </activity>
99
100        <service
100-->[androidx.camera:camera-camera2:1.4.0] AndroidManifest.xml:24:9-33:19
101            android:name="androidx.camera.core.impl.MetadataHolderService"
101-->[androidx.camera:camera-camera2:1.4.0] AndroidManifest.xml:25:13-75
102            android:enabled="false"
102-->[androidx.camera:camera-camera2:1.4.0] AndroidManifest.xml:26:13-36
103            android:exported="false" >
103-->[androidx.camera:camera-camera2:1.4.0] AndroidManifest.xml:27:13-37
104            <meta-data
104-->[androidx.camera:camera-camera2:1.4.0] AndroidManifest.xml:30:13-32:89
105                android:name="androidx.camera.core.impl.MetadataHolderService.DEFAULT_CONFIG_PROVIDER"
105-->[androidx.camera:camera-camera2:1.4.0] AndroidManifest.xml:31:17-103
106                android:value="androidx.camera.camera2.Camera2Config$DefaultProvider" />
106-->[androidx.camera:camera-camera2:1.4.0] AndroidManifest.xml:32:17-86
107        </service>
108        <service
108-->[com.google.android.gms:play-services-mlkit-barcode-scanning:18.3.1] AndroidManifest.xml:9:9-15:19
109            android:name="com.google.mlkit.common.internal.MlKitComponentDiscoveryService"
109-->[com.google.android.gms:play-services-mlkit-barcode-scanning:18.3.1] AndroidManifest.xml:10:13-91
110            android:directBootAware="true"
110-->[com.google.mlkit:common:18.11.0] AndroidManifest.xml:17:13-43
111            android:exported="false" >
111-->[com.google.android.gms:play-services-mlkit-barcode-scanning:18.3.1] AndroidManifest.xml:11:13-37
112            <meta-data
112-->[com.google.android.gms:play-services-mlkit-barcode-scanning:18.3.1] AndroidManifest.xml:12:13-14:85
113                android:name="com.google.firebase.components:com.google.mlkit.vision.barcode.internal.BarcodeRegistrar"
113-->[com.google.android.gms:play-services-mlkit-barcode-scanning:18.3.1] AndroidManifest.xml:13:17-120
114                android:value="com.google.firebase.components.ComponentRegistrar" />
114-->[com.google.android.gms:play-services-mlkit-barcode-scanning:18.3.1] AndroidManifest.xml:14:17-82
115            <meta-data
115-->[com.google.mlkit:vision-common:17.3.0] AndroidManifest.xml:12:13-14:85
116                android:name="com.google.firebase.components:com.google.mlkit.vision.common.internal.VisionCommonRegistrar"
116-->[com.google.mlkit:vision-common:17.3.0] AndroidManifest.xml:13:17-124
117                android:value="com.google.firebase.components.ComponentRegistrar" />
117-->[com.google.mlkit:vision-common:17.3.0] AndroidManifest.xml:14:17-82
118            <meta-data
118-->[com.google.mlkit:common:18.11.0] AndroidManifest.xml:20:13-22:85
119                android:name="com.google.firebase.components:com.google.mlkit.common.internal.CommonComponentRegistrar"
119-->[com.google.mlkit:common:18.11.0] AndroidManifest.xml:21:17-120
120                android:value="com.google.firebase.components.ComponentRegistrar" />
120-->[com.google.mlkit:common:18.11.0] AndroidManifest.xml:22:17-82
121        </service>
122
123        <provider
123-->[com.google.mlkit:common:18.11.0] AndroidManifest.xml:9:9-13:38
124            android:name="com.google.mlkit.common.internal.MlKitInitProvider"
124-->[com.google.mlkit:common:18.11.0] AndroidManifest.xml:10:13-78
125            android:authorities="com.pixeleye.qrscanner.mlkitinitprovider"
125-->[com.google.mlkit:common:18.11.0] AndroidManifest.xml:11:13-69
126            android:exported="false"
126-->[com.google.mlkit:common:18.11.0] AndroidManifest.xml:12:13-37
127            android:initOrder="99" />
127-->[com.google.mlkit:common:18.11.0] AndroidManifest.xml:13:13-35
128
129        <activity
129-->[com.google.android.gms:play-services-base:18.5.0] AndroidManifest.xml:5:9-173
130            android:name="com.google.android.gms.common.api.GoogleApiActivity"
130-->[com.google.android.gms:play-services-base:18.5.0] AndroidManifest.xml:5:19-85
131            android:exported="false"
131-->[com.google.android.gms:play-services-base:18.5.0] AndroidManifest.xml:5:146-170
132            android:theme="@android:style/Theme.Translucent.NoTitleBar" /> <!-- Include the AdActivity and InAppPurchaseActivity configChanges and themes. -->
132-->[com.google.android.gms:play-services-base:18.5.0] AndroidManifest.xml:5:86-145
133        <activity
133-->[com.google.android.gms:play-services-ads-lite:23.6.0] AndroidManifest.xml:73:9-78:43
134            android:name="com.google.android.gms.ads.AdActivity"
134-->[com.google.android.gms:play-services-ads-lite:23.6.0] AndroidManifest.xml:74:13-65
135            android:configChanges="keyboard|keyboardHidden|orientation|screenLayout|uiMode|screenSize|smallestScreenSize"
135-->[com.google.android.gms:play-services-ads-lite:23.6.0] AndroidManifest.xml:75:13-122
136            android:exported="false"
136-->[com.google.android.gms:play-services-ads-lite:23.6.0] AndroidManifest.xml:76:13-37
137            android:theme="@android:style/Theme.Translucent" />
137-->[com.google.android.gms:play-services-ads-lite:23.6.0] AndroidManifest.xml:77:13-61
138
139        <provider
139-->[com.google.android.gms:play-services-ads-lite:23.6.0] AndroidManifest.xml:80:9-85:43
140            android:name="com.google.android.gms.ads.MobileAdsInitProvider"
140-->[com.google.android.gms:play-services-ads-lite:23.6.0] AndroidManifest.xml:81:13-76
141            android:authorities="com.pixeleye.qrscanner.mobileadsinitprovider"
141-->[com.google.android.gms:play-services-ads-lite:23.6.0] AndroidManifest.xml:82:13-73
142            android:exported="false"
142-->[com.google.android.gms:play-services-ads-lite:23.6.0] AndroidManifest.xml:83:13-37
143            android:initOrder="100" />
143-->[com.google.android.gms:play-services-ads-lite:23.6.0] AndroidManifest.xml:84:13-36
144
145        <service
145-->[com.google.android.gms:play-services-ads-lite:23.6.0] AndroidManifest.xml:87:9-91:43
146            android:name="com.google.android.gms.ads.AdService"
146-->[com.google.android.gms:play-services-ads-lite:23.6.0] AndroidManifest.xml:88:13-64
147            android:enabled="true"
147-->[com.google.android.gms:play-services-ads-lite:23.6.0] AndroidManifest.xml:89:13-35
148            android:exported="false" />
148-->[com.google.android.gms:play-services-ads-lite:23.6.0] AndroidManifest.xml:90:13-37
149
150        <activity
150-->[com.google.android.gms:play-services-ads-lite:23.6.0] AndroidManifest.xml:93:9-97:43
151            android:name="com.google.android.gms.ads.OutOfContextTestingActivity"
151-->[com.google.android.gms:play-services-ads-lite:23.6.0] AndroidManifest.xml:94:13-82
152            android:configChanges="keyboard|keyboardHidden|orientation|screenLayout|uiMode|screenSize|smallestScreenSize"
152-->[com.google.android.gms:play-services-ads-lite:23.6.0] AndroidManifest.xml:95:13-122
153            android:exported="false" />
153-->[com.google.android.gms:play-services-ads-lite:23.6.0] AndroidManifest.xml:96:13-37
154        <activity
154-->[com.google.android.gms:play-services-ads-lite:23.6.0] AndroidManifest.xml:98:9-105:43
155            android:name="com.google.android.gms.ads.NotificationHandlerActivity"
155-->[com.google.android.gms:play-services-ads-lite:23.6.0] AndroidManifest.xml:99:13-82
156            android:excludeFromRecents="true"
156-->[com.google.android.gms:play-services-ads-lite:23.6.0] AndroidManifest.xml:100:13-46
157            android:exported="false"
157-->[com.google.android.gms:play-services-ads-lite:23.6.0] AndroidManifest.xml:101:13-37
158            android:launchMode="singleTask"
158-->[com.google.android.gms:play-services-ads-lite:23.6.0] AndroidManifest.xml:102:13-44
159            android:taskAffinity=""
159-->[com.google.android.gms:play-services-ads-lite:23.6.0] AndroidManifest.xml:103:13-36
160            android:theme="@android:style/Theme.Translucent.NoTitleBar" />
160-->[com.google.android.gms:play-services-ads-lite:23.6.0] AndroidManifest.xml:104:13-72
161
162        <property
162-->[com.google.android.gms:play-services-ads-lite:23.6.0] AndroidManifest.xml:107:9-109:62
163            android:name="android.adservices.AD_SERVICES_CONFIG"
163-->[com.google.android.gms:play-services-ads-lite:23.6.0] AndroidManifest.xml:108:13-65
164            android:resource="@xml/gma_ad_services_config" />
164-->[com.google.android.gms:play-services-ads-lite:23.6.0] AndroidManifest.xml:109:13-59
165
166        <meta-data
166-->[com.google.android.gms:play-services-basement:18.4.0] AndroidManifest.xml:6:9-122
167            android:name="com.google.android.gms.version"
167-->[com.google.android.gms:play-services-basement:18.4.0] AndroidManifest.xml:6:20-65
168            android:value="@integer/google_play_services_version" />
168-->[com.google.android.gms:play-services-basement:18.4.0] AndroidManifest.xml:6:66-119
169
170        <provider
170-->[androidx.work:work-runtime:2.7.0] AndroidManifest.xml:31:9-39:20
171            android:name="androidx.startup.InitializationProvider"
171-->[androidx.work:work-runtime:2.7.0] AndroidManifest.xml:32:13-67
172            android:authorities="com.pixeleye.qrscanner.androidx-startup"
172-->[androidx.work:work-runtime:2.7.0] AndroidManifest.xml:33:13-68
173            android:exported="false" >
173-->[androidx.work:work-runtime:2.7.0] AndroidManifest.xml:34:13-37
174            <meta-data
174-->[androidx.work:work-runtime:2.7.0] AndroidManifest.xml:36:13-38:52
175                android:name="androidx.work.WorkManagerInitializer"
175-->[androidx.work:work-runtime:2.7.0] AndroidManifest.xml:37:17-68
176                android:value="androidx.startup" />
176-->[androidx.work:work-runtime:2.7.0] AndroidManifest.xml:38:17-49
177            <meta-data
177-->[androidx.emoji2:emoji2:1.3.0] AndroidManifest.xml:29:13-31:52
178                android:name="androidx.emoji2.text.EmojiCompatInitializer"
178-->[androidx.emoji2:emoji2:1.3.0] AndroidManifest.xml:30:17-75
179                android:value="androidx.startup" />
179-->[androidx.emoji2:emoji2:1.3.0] AndroidManifest.xml:31:17-49
180            <meta-data
180-->[androidx.lifecycle:lifecycle-process:2.8.7] AndroidManifest.xml:29:13-31:52
181                android:name="androidx.lifecycle.ProcessLifecycleInitializer"
181-->[androidx.lifecycle:lifecycle-process:2.8.7] AndroidManifest.xml:30:17-78
182                android:value="androidx.startup" />
182-->[androidx.lifecycle:lifecycle-process:2.8.7] AndroidManifest.xml:31:17-49
183            <meta-data
183-->[androidx.profileinstaller:profileinstaller:1.3.1] AndroidManifest.xml:29:13-31:52
184                android:name="androidx.profileinstaller.ProfileInstallerInitializer"
184-->[androidx.profileinstaller:profileinstaller:1.3.1] AndroidManifest.xml:30:17-85
185                android:value="androidx.startup" />
185-->[androidx.profileinstaller:profileinstaller:1.3.1] AndroidManifest.xml:31:17-49
186        </provider>
187
188        <service
188-->[androidx.work:work-runtime:2.7.0] AndroidManifest.xml:41:9-46:35
189            android:name="androidx.work.impl.background.systemalarm.SystemAlarmService"
189-->[androidx.work:work-runtime:2.7.0] AndroidManifest.xml:42:13-88
190            android:directBootAware="false"
190-->[androidx.work:work-runtime:2.7.0] AndroidManifest.xml:43:13-44
191            android:enabled="@bool/enable_system_alarm_service_default"
191-->[androidx.work:work-runtime:2.7.0] AndroidManifest.xml:44:13-72
192            android:exported="false" />
192-->[androidx.work:work-runtime:2.7.0] AndroidManifest.xml:45:13-37
193        <service
193-->[androidx.work:work-runtime:2.7.0] AndroidManifest.xml:47:9-53:35
194            android:name="androidx.work.impl.background.systemjob.SystemJobService"
194-->[androidx.work:work-runtime:2.7.0] AndroidManifest.xml:48:13-84
195            android:directBootAware="false"
195-->[androidx.work:work-runtime:2.7.0] AndroidManifest.xml:49:13-44
196            android:enabled="@bool/enable_system_job_service_default"
196-->[androidx.work:work-runtime:2.7.0] AndroidManifest.xml:50:13-70
197            android:exported="true"
197-->[androidx.work:work-runtime:2.7.0] AndroidManifest.xml:51:13-36
198            android:permission="android.permission.BIND_JOB_SERVICE" />
198-->[androidx.work:work-runtime:2.7.0] AndroidManifest.xml:52:13-69
199        <service
199-->[androidx.work:work-runtime:2.7.0] AndroidManifest.xml:54:9-59:35
200            android:name="androidx.work.impl.foreground.SystemForegroundService"
200-->[androidx.work:work-runtime:2.7.0] AndroidManifest.xml:55:13-81
201            android:directBootAware="false"
201-->[androidx.work:work-runtime:2.7.0] AndroidManifest.xml:56:13-44
202            android:enabled="@bool/enable_system_foreground_service_default"
202-->[androidx.work:work-runtime:2.7.0] AndroidManifest.xml:57:13-77
203            android:exported="false" />
203-->[androidx.work:work-runtime:2.7.0] AndroidManifest.xml:58:13-37
204
205        <receiver
205-->[androidx.work:work-runtime:2.7.0] AndroidManifest.xml:61:9-66:35
206            android:name="androidx.work.impl.utils.ForceStopRunnable$BroadcastReceiver"
206-->[androidx.work:work-runtime:2.7.0] AndroidManifest.xml:62:13-88
207            android:directBootAware="false"
207-->[androidx.work:work-runtime:2.7.0] AndroidManifest.xml:63:13-44
208            android:enabled="true"
208-->[androidx.work:work-runtime:2.7.0] AndroidManifest.xml:64:13-35
209            android:exported="false" />
209-->[androidx.work:work-runtime:2.7.0] AndroidManifest.xml:65:13-37
210        <receiver
210-->[androidx.work:work-runtime:2.7.0] AndroidManifest.xml:67:9-77:20
211            android:name="androidx.work.impl.background.systemalarm.ConstraintProxy$BatteryChargingProxy"
211-->[androidx.work:work-runtime:2.7.0] AndroidManifest.xml:68:13-106
212            android:directBootAware="false"
212-->[androidx.work:work-runtime:2.7.0] AndroidManifest.xml:69:13-44
213            android:enabled="false"
213-->[androidx.work:work-runtime:2.7.0] AndroidManifest.xml:70:13-36
214            android:exported="false" >
214-->[androidx.work:work-runtime:2.7.0] AndroidManifest.xml:71:13-37
215            <intent-filter>
215-->[androidx.work:work-runtime:2.7.0] AndroidManifest.xml:73:13-76:29
216                <action android:name="android.intent.action.ACTION_POWER_CONNECTED" />
216-->[androidx.work:work-runtime:2.7.0] AndroidManifest.xml:74:17-87
216-->[androidx.work:work-runtime:2.7.0] AndroidManifest.xml:74:25-84
217                <action android:name="android.intent.action.ACTION_POWER_DISCONNECTED" />
217-->[androidx.work:work-runtime:2.7.0] AndroidManifest.xml:75:17-90
217-->[androidx.work:work-runtime:2.7.0] AndroidManifest.xml:75:25-87
218            </intent-filter>
219        </receiver>
220        <receiver
220-->[androidx.work:work-runtime:2.7.0] AndroidManifest.xml:78:9-88:20
221            android:name="androidx.work.impl.background.systemalarm.ConstraintProxy$BatteryNotLowProxy"
221-->[androidx.work:work-runtime:2.7.0] AndroidManifest.xml:79:13-104
222            android:directBootAware="false"
222-->[androidx.work:work-runtime:2.7.0] AndroidManifest.xml:80:13-44
223            android:enabled="false"
223-->[androidx.work:work-runtime:2.7.0] AndroidManifest.xml:81:13-36
224            android:exported="false" >
224-->[androidx.work:work-runtime:2.7.0] AndroidManifest.xml:82:13-37
225            <intent-filter>
225-->[androidx.work:work-runtime:2.7.0] AndroidManifest.xml:84:13-87:29
226                <action android:name="android.intent.action.BATTERY_OKAY" />
226-->[androidx.work:work-runtime:2.7.0] AndroidManifest.xml:85:17-77
226-->[androidx.work:work-runtime:2.7.0] AndroidManifest.xml:85:25-74
227                <action android:name="android.intent.action.BATTERY_LOW" />
227-->[androidx.work:work-runtime:2.7.0] AndroidManifest.xml:86:17-76
227-->[androidx.work:work-runtime:2.7.0] AndroidManifest.xml:86:25-73
228            </intent-filter>
229        </receiver>
230        <receiver
230-->[androidx.work:work-runtime:2.7.0] AndroidManifest.xml:89:9-99:20
231            android:name="androidx.work.impl.background.systemalarm.ConstraintProxy$StorageNotLowProxy"
231-->[androidx.work:work-runtime:2.7.0] AndroidManifest.xml:90:13-104
232            android:directBootAware="false"
232-->[androidx.work:work-runtime:2.7.0] AndroidManifest.xml:91:13-44
233            android:enabled="false"
233-->[androidx.work:work-runtime:2.7.0] AndroidManifest.xml:92:13-36
234            android:exported="false" >
234-->[androidx.work:work-runtime:2.7.0] AndroidManifest.xml:93:13-37
235            <intent-filter>
235-->[androidx.work:work-runtime:2.7.0] AndroidManifest.xml:95:13-98:29
236                <action android:name="android.intent.action.DEVICE_STORAGE_LOW" />
236-->[androidx.work:work-runtime:2.7.0] AndroidManifest.xml:96:17-83
236-->[androidx.work:work-runtime:2.7.0] AndroidManifest.xml:96:25-80
237                <action android:name="android.intent.action.DEVICE_STORAGE_OK" />
237-->[androidx.work:work-runtime:2.7.0] AndroidManifest.xml:97:17-82
237-->[androidx.work:work-runtime:2.7.0] AndroidManifest.xml:97:25-79
238            </intent-filter>
239        </receiver>
240        <receiver
240-->[androidx.work:work-runtime:2.7.0] AndroidManifest.xml:100:9-109:20
241            android:name="androidx.work.impl.background.systemalarm.ConstraintProxy$NetworkStateProxy"
241-->[androidx.work:work-runtime:2.7.0] AndroidManifest.xml:101:13-103
242            android:directBootAware="false"
242-->[androidx.work:work-runtime:2.7.0] AndroidManifest.xml:102:13-44
243            android:enabled="false"
243-->[androidx.work:work-runtime:2.7.0] AndroidManifest.xml:103:13-36
244            android:exported="false" >
244-->[androidx.work:work-runtime:2.7.0] AndroidManifest.xml:104:13-37
245            <intent-filter>
245-->[androidx.work:work-runtime:2.7.0] AndroidManifest.xml:106:13-108:29
246                <action android:name="android.net.conn.CONNECTIVITY_CHANGE" />
246-->[androidx.work:work-runtime:2.7.0] AndroidManifest.xml:107:17-79
246-->[androidx.work:work-runtime:2.7.0] AndroidManifest.xml:107:25-76
247            </intent-filter>
248        </receiver>
249        <receiver
249-->[androidx.work:work-runtime:2.7.0] AndroidManifest.xml:110:9-121:20
250            android:name="androidx.work.impl.background.systemalarm.RescheduleReceiver"
250-->[androidx.work:work-runtime:2.7.0] AndroidManifest.xml:111:13-88
251            android:directBootAware="false"
251-->[androidx.work:work-runtime:2.7.0] AndroidManifest.xml:112:13-44
252            android:enabled="false"
252-->[androidx.work:work-runtime:2.7.0] AndroidManifest.xml:113:13-36
253            android:exported="false" >
253-->[androidx.work:work-runtime:2.7.0] AndroidManifest.xml:114:13-37
254            <intent-filter>
254-->[androidx.work:work-runtime:2.7.0] AndroidManifest.xml:116:13-120:29
255                <action android:name="android.intent.action.BOOT_COMPLETED" />
255-->[androidx.work:work-runtime:2.7.0] AndroidManifest.xml:117:17-79
255-->[androidx.work:work-runtime:2.7.0] AndroidManifest.xml:117:25-76
256                <action android:name="android.intent.action.TIME_SET" />
256-->[androidx.work:work-runtime:2.7.0] AndroidManifest.xml:118:17-73
256-->[androidx.work:work-runtime:2.7.0] AndroidManifest.xml:118:25-70
257                <action android:name="android.intent.action.TIMEZONE_CHANGED" />
257-->[androidx.work:work-runtime:2.7.0] AndroidManifest.xml:119:17-81
257-->[androidx.work:work-runtime:2.7.0] AndroidManifest.xml:119:25-78
258            </intent-filter>
259        </receiver>
260        <receiver
260-->[androidx.work:work-runtime:2.7.0] AndroidManifest.xml:122:9-131:20
261            android:name="androidx.work.impl.background.systemalarm.ConstraintProxyUpdateReceiver"
261-->[androidx.work:work-runtime:2.7.0] AndroidManifest.xml:123:13-99
262            android:directBootAware="false"
262-->[androidx.work:work-runtime:2.7.0] AndroidManifest.xml:124:13-44
263            android:enabled="@bool/enable_system_alarm_service_default"
263-->[androidx.work:work-runtime:2.7.0] AndroidManifest.xml:125:13-72
264            android:exported="false" >
264-->[androidx.work:work-runtime:2.7.0] AndroidManifest.xml:126:13-37
265            <intent-filter>
265-->[androidx.work:work-runtime:2.7.0] AndroidManifest.xml:128:13-130:29
266                <action android:name="androidx.work.impl.background.systemalarm.UpdateProxies" />
266-->[androidx.work:work-runtime:2.7.0] AndroidManifest.xml:129:17-98
266-->[androidx.work:work-runtime:2.7.0] AndroidManifest.xml:129:25-95
267            </intent-filter>
268        </receiver>
269        <receiver
269-->[androidx.work:work-runtime:2.7.0] AndroidManifest.xml:132:9-142:20
270            android:name="androidx.work.impl.diagnostics.DiagnosticsReceiver"